# JRE version: OpenJDK Runtime Environment Temurin-21.0.9+10 (21.0.9+10) (build 21.0.9+10-LTS)
# Java VM: OpenJDK 64-Bit Server VM Temurin-21.0.9+10 (21.0.9+10-LTS, mixed mode, sharing, tiered, compressed oops, compressed class ptrs, parallel gc, windows-amd64)
GC Precious Log:
 CardTable entry size: 512
 CPUs: 24 total, 24 available
 Memory: 32671M
 Large Page Support: Disabled
 NUMA Support: Disabled
 Compressed Oops: Enabled (32-bit)
 Alignments: Space 512K, Generation 512K, Heap 2M
 Heap Min Capacity: 100M
 Heap Initial Capacity: 100M
 Heap Max Capacity: 2G
 Pre-touch: Disabled
 Parallel Workers: 18
Heap:
 PSYoungGen      total 7680K, used 6533K [0x00000000d5580000, 0x00000000d5e00000, 0x0000000100000000)
  eden space 6656K, 87% used [0x00000000d5580000,0x00000000d5b31c80,0x00000000d5c00000)
  from space 1024K, 68% used [0x00000000d5d00000,0x00000000d5daf788,0x00000000d5e00000)
  to   space 1024K, 0% used [0x00000000d5c00000,0x00000000d5c00000,0x00000000d5d00000)
 ParOldGen       total 70656K, used 68996K [0x0000000080000000, 0x0000000084500000, 0x00000000d5580000)
  object space 70656K, 97% used [0x0000000080000000,0x00000000843613a0,0x0000000084500000)
 Metaspace       used 63846K, committed 65216K, reserved 1114112K
  class space    used 6875K, committed 7488K, reserved 1048576K
GC Heap History (20 events):
Event: 14.349 GC heap before
{Heap before GC invocations=100 (full 3):
 PSYoungGen      total 7680K, used 7294K [0x00000000d5580000, 0x00000000d5e00000, 0x0000000100000000)
  eden space 6656K, 100% used [0x00000000d5580000,0x00000000d5c00000,0x00000000d5c00000)
  from space 1024K, 62% used [0x00000000d5d00000,0x00000000d5d9f970,0x00000000d5e00000)
  to   space 1024K, 0% used [0x00000000d5c00000,0x00000000d5c00000,0x00000000d5d00000)
 ParOldGen       total 70656K, used 65599K [0x0000000080000000, 0x0000000084500000, 0x00000000d5580000)
  object space 70656K, 92% used [0x0000000080000000,0x000000008400feb8,0x0000000084500000)
 Metaspace       used 63805K, committed 65216K, reserved 1114112K
  class space    used 6873K, committed 7488K, reserved 1048576K
}
Event: 14.349 GC heap after
{Heap after GC invocations=100 (full 3):
 PSYoungGen      total 7680K, used 637K [0x00000000d5580000, 0x00000000d5e00000, 0x0000000100000000)
  eden space 6656K, 0% used [0x00000000d5580000,0x00000000d5580000,0x00000000d5c00000)
  from space 1024K, 62% used [0x00000000d5c00000,0x00000000d5c9f408,0x00000000d5d00000)
  to   space 1024K, 0% used [0x00000000d5d00000,0x00000000d5d00000,0x00000000d5e00000)
 ParOldGen       total 70656K, used 65765K [0x0000000080000000, 0x0000000084500000, 0x00000000d5580000)
  object space 70656K, 93% used [0x0000000080000000,0x0000000084039498,0x0000000084500000)
 Metaspace       used 63805K, committed 65216K, reserved 1114112K
  class space    used 6873K, committed 7488K, reserved 1048576K
}
Event: 14.358 GC heap before
{Heap before GC invocations=101 (full 3):
 PSYoungGen      total 7680K, used 7293K [0x00000000d5580000, 0x00000000d5e00000, 0x0000000100000000)
  eden space 6656K, 100% used [0x00000000d5580000,0x00000000d5c00000,0x00000000d5c00000)
  from space 1024K, 62% used [0x00000000d5c00000,0x00000000d5c9f408,0x00000000d5d00000)
  to   space 1024K, 0% used [0x00000000d5d00000,0x00000000d5d00000,0x00000000d5e00000)
 ParOldGen       total 70656K, used 65765K [0x0000000080000000, 0x0000000084500000, 0x00000000d5580000)
  object space 70656K, 93% used [0x0000000080000000,0x0000000084039498,0x0000000084500000)
 Metaspace       used 63805K, committed 65216K, reserved 1114112K
  class space    used 6873K, committed 7488K, reserved 1048576K
}
Event: 14.358 GC heap after
{Heap after GC invocations=101 (full 3):
 PSYoungGen      total 7680K, used 576K [0x00000000d5580000, 0x00000000d5e00000, 0x0000000100000000)
  eden space 6656K, 0% used [0x00000000d5580000,0x00000000d5580000,0x00000000d5c00000)
  from space 1024K, 56% used [0x00000000d5d00000,0x00000000d5d90000,0x00000000d5e00000)
  to   space 1024K, 0% used [0x00000000d5c00000,0x00000000d5c00000,0x00000000d5d00000)
 ParOldGen       total 70656K, used 65993K [0x0000000080000000, 0x0000000084500000, 0x00000000d5580000)
  object space 70656K, 93% used [0x0000000080000000,0x0000000084072560,0x0000000084500000)
 Metaspace       used 63805K, committed 65216K, reserved 1114112K
  class space    used 6873K, committed 7488K, reserved 1048576K
}
Event: 14.364 GC heap before
{Heap before GC invocations=102 (full 3):
 PSYoungGen      total 7680K, used 7232K [0x00000000d5580000, 0x00000000d5e00000, 0x0000000100000000)
  eden space 6656K, 100% used [0x00000000d5580000,0x00000000d5c00000,0x00000000d5c00000)
  from space 1024K, 56% used [0x00000000d5d00000,0x00000000d5d90000,0x00000000d5e00000)
  to   space 1024K, 0% used [0x00000000d5c00000,0x00000000d5c00000,0x00000000d5d00000)
 ParOldGen       total 70656K, used 65993K [0x0000000080000000, 0x0000000084500000, 0x00000000d5580000)
  object space 70656K, 93% used [0x0000000080000000,0x0000000084072560,0x0000000084500000)
 Metaspace       used 63806K, committed 65216K, reserved 1114112K
  class space    used 6873K, committed 7488K, reserved 1048576K
}
Event: 14.364 GC heap after
{Heap after GC invocations=102 (full 3):
 PSYoungGen      total 7680K, used 634K [0x00000000d5580000, 0x00000000d5e00000, 0x0000000100000000)
  eden space 6656K, 0% used [0x00000000d5580000,0x00000000d5580000,0x00000000d5c00000)
  from space 1024K, 61% used [0x00000000d5c00000,0x00000000d5c9ea50,0x00000000d5d00000)
  to   space 1024K, 0% used [0x00000000d5d00000,0x00000000d5d00000,0x00000000d5e00000)
 ParOldGen       total 70656K, used 66139K [0x0000000080000000, 0x0000000084500000, 0x00000000d5580000)
  object space 70656K, 93% used [0x0000000080000000,0x0000000084096c68,0x0000000084500000)
 Metaspace       used 63806K, committed 65216K, reserved 1114112K
  class space    used 6873K, committed 7488K, reserved 1048576K
}
Event: 14.371 GC heap before
{Heap before GC invocations=103 (full 3):
 PSYoungGen      total 7680K, used 7290K [0x00000000d5580000, 0x00000000d5e00000, 0x0000000100000000)
  eden space 6656K, 100% used [0x00000000d5580000,0x00000000d5c00000,0x00000000d5c00000)
  from space 1024K, 61% used [0x00000000d5c00000,0x00000000d5c9ea50,0x00000000d5d00000)
  to   space 1024K, 0% used [0x00000000d5d00000,0x00000000d5d00000,0x00000000d5e00000)
 ParOldGen       total 70656K, used 66139K [0x0000000080000000, 0x0000000084500000, 0x00000000d5580000)
  object space 70656K, 93% used [0x0000000080000000,0x0000000084096c68,0x0000000084500000)
 Metaspace       used 63811K, committed 65216K, reserved 1114112K
  class space    used 6873K, committed 7488K, reserved 1048576K
}
Event: 14.372 GC heap after
{Heap after GC invocations=103 (full 3):
 PSYoungGen      total 7680K, used 732K [0x00000000d5580000, 0x00000000d5e00000, 0x0000000100000000)
  eden space 6656K, 0% used [0x00000000d5580000,0x00000000d5580000,0x00000000d5c00000)
  from space 1024K, 71% used [0x00000000d5d00000,0x00000000d5db7190,0x00000000d5e00000)
  to   space 1024K, 0% used [0x00000000d5c00000,0x00000000d5c00000,0x00000000d5d00000)
 ParOldGen       total 70656K, used 66284K [0x0000000080000000, 0x0000000084500000, 0x00000000d5580000)
  object space 70656K, 93% used [0x0000000080000000,0x00000000840bb388,0x0000000084500000)
 Metaspace       used 63811K, committed 65216K, reserved 1114112K
  class space    used 6873K, committed 7488K, reserved 1048576K
}
Event: 14.376 GC heap before
{Heap before GC invocations=104 (full 3):
 PSYoungGen      total 7680K, used 7388K [0x00000000d5580000, 0x00000000d5e00000, 0x0000000100000000)
  eden space 6656K, 100% used [0x00000000d5580000,0x00000000d5c00000,0x00000000d5c00000)
  from space 1024K, 71% used [0x00000000d5d00000,0x00000000d5db7190,0x00000000d5e00000)
  to   space 1024K, 0% used [0x00000000d5c00000,0x00000000d5c00000,0x00000000d5d00000)
 ParOldGen       total 70656K, used 66284K [0x0000000080000000, 0x0000000084500000, 0x00000000d5580000)
  object space 70656K, 93% used [0x0000000080000000,0x00000000840bb388,0x0000000084500000)
 Metaspace       used 63811K, committed 65216K, reserved 1114112K
  class space    used 6873K, committed 7488K, reserved 1048576K
}
Event: 14.377 GC heap after
{Heap after GC invocations=104 (full 3):
 PSYoungGen      total 7680K, used 576K [0x00000000d5580000, 0x00000000d5e00000, 0x0000000100000000)
  eden space 6656K, 0% used [0x00000000d5580000,0x00000000d5580000,0x00000000d5c00000)
  from space 1024K, 56% used [0x00000000d5c00000,0x00000000d5c90000,0x00000000d5d00000)
  to   space 1024K, 0% used [0x00000000d5d00000,0x00000000d5d00000,0x00000000d5e00000)
 ParOldGen       total 70656K, used 66657K [0x0000000080000000, 0x0000000084500000, 0x00000000d5580000)
  object space 70656K, 94% used [0x0000000080000000,0x0000000084118660,0x0000000084500000)
 Metaspace       used 63811K, committed 65216K, reserved 1114112K
  class space    used 6873K, committed 7488K, reserved 1048576K
}
Event: 14.382 GC heap before
{Heap before GC invocations=105 (full 3):
 PSYoungGen      total 7680K, used 7232K [0x00000000d5580000, 0x00000000d5e00000, 0x0000000100000000)
  eden space 6656K, 100% used [0x00000000d5580000,0x00000000d5c00000,0x00000000d5c00000)
  from space 1024K, 56% used [0x00000000d5c00000,0x00000000d5c90000,0x00000000d5d00000)
  to   space 1024K, 0% used [0x00000000d5d00000,0x00000000d5d00000,0x00000000d5e00000)
 ParOldGen       total 70656K, used 66657K [0x0000000080000000, 0x0000000084500000, 0x00000000d5580000)
  object space 70656K, 94% used [0x0000000080000000,0x0000000084118660,0x0000000084500000)
 Metaspace       used 63811K, committed 65216K, reserved 1114112K
  class space    used 6873K, committed 7488K, reserved 1048576K
}
Event: 14.383 GC heap after
{Heap after GC invocations=105 (full 3):
 PSYoungGen      total 7680K, used 671K [0x00000000d5580000, 0x00000000d5e00000, 0x0000000100000000)
  eden space 6656K, 0% used [0x00000000d5580000,0x00000000d5580000,0x00000000d5c00000)
  from space 1024K, 65% used [0x00000000d5d00000,0x00000000d5da7c78,0x00000000d5e00000)
  to   space 1024K, 0% used [0x00000000d5c00000,0x00000000d5c00000,0x00000000d5d00000)
 ParOldGen       total 70656K, used 66905K [0x0000000080000000, 0x0000000084500000, 0x00000000d5580000)
  object space 70656K, 94% used [0x0000000080000000,0x0000000084156660,0x0000000084500000)
 Metaspace       used 63811K, committed 65216K, reserved 1114112K
  class space    used 6873K, committed 7488K, reserved 1048576K
}
Event: 14.387 GC heap before
{Heap before GC invocations=106 (full 3):
 PSYoungGen      total 7680K, used 7327K [0x00000000d5580000, 0x00000000d5e00000, 0x0000000100000000)
  eden space 6656K, 100% used [0x00000000d5580000,0x00000000d5c00000,0x00000000d5c00000)
  from space 1024K, 65% used [0x00000000d5d00000,0x00000000d5da7c78,0x00000000d5e00000)
  to   space 1024K, 0% used [0x00000000d5c00000,0x00000000d5c00000,0x00000000d5d00000)
 ParOldGen       total 70656K, used 66905K [0x0000000080000000, 0x0000000084500000, 0x00000000d5580000)
  object space 70656K, 94% used [0x0000000080000000,0x0000000084156660,0x0000000084500000)
 Metaspace       used 63816K, committed 65216K, reserved 1114112K
  class space    used 6873K, committed 7488K, reserved 1048576K
}
Event: 14.388 GC heap after
{Heap after GC invocations=106 (full 3):
 PSYoungGen      total 7680K, used 625K [0x00000000d5580000, 0x00000000d5e00000, 0x0000000100000000)
  eden space 6656K, 0% used [0x00000000d5580000,0x00000000d5580000,0x00000000d5c00000)
  from space 1024K, 61% used [0x00000000d5c00000,0x00000000d5c9c400,0x00000000d5d00000)
  to   space 1024K, 0% used [0x00000000d5d00000,0x00000000d5d00000,0x00000000d5e00000)
 ParOldGen       total 70656K, used 67194K [0x0000000080000000, 0x0000000084500000, 0x00000000d5580000)
  object space 70656K, 95% used [0x0000000080000000,0x000000008419ebd0,0x0000000084500000)
 Metaspace       used 63816K, committed 65216K, reserved 1114112K
  class space    used 6873K, committed 7488K, reserved 1048576K
}
Event: 14.395 GC heap before
{Heap before GC invocations=107 (full 3):
 PSYoungGen      total 7680K, used 7281K [0x00000000d5580000, 0x00000000d5e00000, 0x0000000100000000)
  eden space 6656K, 100% used [0x00000000d5580000,0x00000000d5c00000,0x00000000d5c00000)
  from space 1024K, 61% used [0x00000000d5c00000,0x00000000d5c9c400,0x00000000d5d00000)
  to   space 1024K, 0% used [0x00000000d5d00000,0x00000000d5d00000,0x00000000d5e00000)
 ParOldGen       total 70656K, used 67194K [0x0000000080000000, 0x0000000084500000, 0x00000000d5580000)
  object space 70656K, 95% used [0x0000000080000000,0x000000008419ebd0,0x0000000084500000)
 Metaspace       used 63820K, committed 65216K, reserved 1114112K
  class space    used 6873K, committed 7488K, reserved 1048576K
}
Event: 14.395 GC heap after
{Heap after GC invocations=107 (full 3):
 PSYoungGen      total 7680K, used 764K [0x00000000d5580000, 0x00000000d5e00000, 0x0000000100000000)
  eden space 6656K, 0% used [0x00000000d5580000,0x00000000d5580000,0x00000000d5c00000)
  from space 1024K, 74% used [0x00000000d5d00000,0x00000000d5dbf3e8,0x00000000d5e00000)
  to   space 1024K, 0% used [0x00000000d5c00000,0x00000000d5c00000,0x00000000d5d00000)
 ParOldGen       total 70656K, used 67405K [0x0000000080000000, 0x0000000084500000, 0x00000000d5580000)
  object space 70656K, 95% used [0x0000000080000000,0x00000000841d3438,0x0000000084500000)
 Metaspace       used 63820K, committed 65216K, reserved 1114112K
  class space    used 6873K, committed 7488K, reserved 1048576K
}
Event: 14.399 GC heap before
{Heap before GC invocations=108 (full 3):
 PSYoungGen      total 7680K, used 7420K [0x00000000d5580000, 0x00000000d5e00000, 0x0000000100000000)
  eden space 6656K, 100% used [0x00000000d5580000,0x00000000d5c00000,0x00000000d5c00000)
  from space 1024K, 74% used [0x00000000d5d00000,0x00000000d5dbf3e8,0x00000000d5e00000)
  to   space 1024K, 0% used [0x00000000d5c00000,0x00000000d5c00000,0x00000000d5d00000)
 ParOldGen       total 70656K, used 67405K [0x0000000080000000, 0x0000000084500000, 0x00000000d5580000)
  object space 70656K, 95% used [0x0000000080000000,0x00000000841d3438,0x0000000084500000)
 Metaspace       used 63820K, committed 65216K, reserved 1114112K
  class space    used 6873K, committed 7488K, reserved 1048576K
}
Event: 14.399 GC heap after
{Heap after GC invocations=108 (full 3):
 PSYoungGen      total 7680K, used 576K [0x00000000d5580000, 0x00000000d5e00000, 0x0000000100000000)
  eden space 6656K, 0% used [0x00000000d5580000,0x00000000d5580000,0x00000000d5c00000)
  from space 1024K, 56% used [0x00000000d5c00000,0x00000000d5c90000,0x00000000d5d00000)
  to   space 1024K, 0% used [0x00000000d5d00000,0x00000000d5d00000,0x00000000d5e00000)
 ParOldGen       total 70656K, used 67758K [0x0000000080000000, 0x0000000084500000, 0x00000000d5580000)
  object space 70656K, 95% used [0x0000000080000000,0x000000008422b890,0x0000000084500000)
 Metaspace       used 63820K, committed 65216K, reserved 1114112K
  class space    used 6873K, committed 7488K, reserved 1048576K
}
Event: 14.402 GC heap before
{Heap before GC invocations=109 (full 3):
 PSYoungGen      total 7680K, used 7232K [0x00000000d5580000, 0x00000000d5e00000, 0x0000000100000000)
  eden space 6656K, 100% used [0x00000000d5580000,0x00000000d5c00000,0x00000000d5c00000)
  from space 1024K, 56% used [0x00000000d5c00000,0x00000000d5c90000,0x00000000d5d00000)
  to   space 1024K, 0% used [0x00000000d5d00000,0x00000000d5d00000,0x00000000d5e00000)
 ParOldGen       total 70656K, used 67758K [0x0000000080000000, 0x0000000084500000, 0x00000000d5580000)
  object space 70656K, 95% used [0x0000000080000000,0x000000008422b890,0x0000000084500000)
 Metaspace       used 63820K, committed 65216K, reserved 1114112K
  class space    used 6873K, committed 7488K, reserved 1048576K
}
Event: 14.403 GC heap after
{Heap after GC invocations=109 (full 3):
 PSYoungGen      total 7680K, used 576K [0x00000000d5580000, 0x00000000d5e00000, 0x0000000100000000)
  eden space 6656K, 0% used [0x00000000d5580000,0x00000000d5580000,0x00000000d5c00000)
  from space 1024K, 56% used [0x00000000d5d00000,0x00000000d5d90000,0x00000000d5e00000)
  to   space 1024K, 0% used [0x00000000d5c00000,0x00000000d5c00000,0x00000000d5d00000)
 ParOldGen       total 70656K, used 67958K [0x0000000080000000, 0x0000000084500000, 0x00000000d5580000)
  object space 70656K, 96% used [0x0000000080000000,0x000000008425d890,0x0000000084500000)
 Metaspace       used 63820K, committed 65216K, reserved 1114112K
  class space    used 6873K, committed 7488K, reserved 1048576K
}

